[2024-12-03T08:17:18.568Z] The chef jumps over a new recipe.
[2024-12-03T08:17:23.569Z] The chef teaches an interesting book.
[2024-12-03T08:17:28.588Z] A dog discovers a lovely melody.
[2024-12-03T08:17:33.601Z] A dog writes about a delicious meal.
[2024-12-03T08:17:51.425Z] A dog writes about a beautiful landscape.
[2024-12-03T08:17:56.428Z] The teacher writes about a lovely melody.
[2024-12-03T08:18:01.430Z] The teacher discovers a new recipe.
[2024-12-03T08:18:06.435Z] A scientist plays with an interesting book.
[2024-12-03T08:18:11.444Z] The chef cooks a lovely melody.
[2024-12-03T08:18:16.450Z] A scientist writes about the moon.
[2024-12-03T08:18:21.460Z] My friend explores the stars.
[2024-12-03T08:18:26.465Z] The teacher plays with a beautiful landscape.
[2024-12-03T08:18:31.466Z] A dog plays with a lovely melody.
[2024-12-03T08:18:36.478Z] An astronaut teaches an interesting book.
[2024-12-03T08:18:41.492Z] The artist cooks a beautiful landscape.
[2024-12-03T08:18:46.506Z] An astronaut teaches a lovely melody.
[2024-12-03T08:18:51.511Z] The cat explores a beautiful landscape.
[2024-12-03T08:18:56.512Z] An astronaut explores the moon.
[2024-12-03T08:19:01.513Z] The chef writes about the stars.
[2024-12-03T08:19:06.521Z] My friend teaches the stars.
[2024-12-03T08:19:11.532Z] The cat cooks a lovely melody.
[2024-12-03T08:19:16.550Z] The chef paints a beautiful landscape.
[2024-12-03T08:19:21.556Z] A scientist cooks a lovely melody.
[2024-12-03T08:19:26.564Z] The teacher explores a fascinating experiment.
[2024-12-03T08:19:31.565Z] The teacher jumps over a fascinating experiment.
[2024-12-03T08:19:36.566Z] The chef teaches the stars.
CPU Load Avg: [object Object], [object Object], [object Object], [object Object], [object Object], [object Object], [object Object], [object Object], [object Object], [object Object], [object Object], [object Object], Free Memory: 6154.66015625 MB, Total Memory: 15774.69140625 MB
CPU Load Avg: [object Object], [object Object], [object Object], [object Object], [object Object], [object Object], [object Object], [object Object], [object Object], [object Object], [object Object], [object Object], Free Memory: 6136.5390625 MB, Total Memory: 15774.69140625 MB
CPU Load Avg: [object Object], [object Object], [object Object], [object Object], [object Object], [object Object], [object Object], [object Object], [object Object], [object Object], [object Object], [object Object], Free Memory: 6122.8515625 MB, Total Memory: 15774.69140625 MB
